C51 COMPILER V9.05   MAIN                                                                  04/27/2017 19:05:55 PAGE 1   


C51 COMPILER V9.05, COMPILATION OF MODULE MAIN
OBJECT MODULE PLACED IN .\Objects\main.obj
COMPILER INVOKED BY: C:\Keil_v5\C51\BIN\C51.EXE main.c OPTIMIZE(8,SPEED) BROWSE DEBUG OBJECTEXTEND PRINT(.\Listings\main
                    -.lst) TABS(2) OBJECT(.\Objects\main.obj)

line level    source

   1          /*******************************************************************************
   2          * File Name: main.c
   3          *
   4          * Version: 2.0
   5          *
   6          * Description:
   7          *  This is source code for Irrig System
   8          *  Timer Added instead of for loop for delay
   9          *
  10          * Note:
  11          *
  12          * Owners:
  13          *  Amit Tandel
  14          *
  15          * Related Document:
  16          *
  17          * Code Tested With:
  18          *
  19          ********************************************************************************
  20          * Copyright : All rights reserved.
  21          *******************************************************************************/
  22          
  23          #include<reg51.h>
  24          /* Motors */
  25          sbit R1   = P3^0;
  26          sbit R2   = P3^1;
  27          /* All Valves */
  28          sbit R3   = P0^0;
  29          sbit R4   = P0^1;
  30          sbit R5   = P0^2;
  31          sbit R6   = P0^3;
  32          sbit R7   = P0^4;
  33          sbit R8   = P0^5;
  34          sbit R9   = P0^6;
  35          sbit R10  = P0^7;
  36          /* Keypad */
  37          
  38          #define M1_TIME 100
  39          #define M2_TIME 20
  40          #define V_OPEN_TIME 10
  41          void Init_Timer(void)
  42          {
  43   1        TMOD=0x01;  /* Timer 0,Mode 1 */
  44   1        TH0=0x00;
  45   1        TL0=0x00;
  46   1      }
  47          
  48          void Wait(unsigned int value)
  49          {
  50   1        unsigned int i;
  51   1        for(i=0;i<value;i++);
  52   1        {
  53   2          TR0=1;      /* Start the timer */ 
  54   2          while(TF0==0);    /* wait till overflow */ 
C51 COMPILER V9.05   MAIN                                                                  04/27/2017 19:05:55 PAGE 2   

  55   2          TR0=0;      /* Stop the timer */ 
  56   2          TF0=0;
  57   2        }
  58   1      }
  59          
  60          void main(void)
  61          {
  62   1        while(1)
  63   1        {
  64   2          Init_Timer();
  65   2          
  66   2          P0 = 0;
  67   2          P3 = 0;
  68   2          R3 = 1;
  69   2          Wait(V_OPEN_TIME);
  70   2          R1 = 1;
  71   2          Wait(M2_TIME);
  72   2          R2 = 1;
  73   2          Wait(M2_TIME);
  74   2          R2 = 0;
  75   2          Wait(M1_TIME);
  76   2          
  77   2          R4 = 1;
  78   2          Wait(V_OPEN_TIME);
  79   2          R3 = 0;
  80   2          Wait(M2_TIME);
  81   2          R2 = 1;
  82   2          Wait(M2_TIME);
  83   2          R2 = 0;
  84   2          Wait(M1_TIME);
  85   2          
  86   2          R5 = 1;
  87   2          Wait(V_OPEN_TIME);
  88   2          R4 = 0;
  89   2          Wait(M2_TIME);
  90   2          R2 = 1;
  91   2          Wait(M2_TIME);
  92   2          R2 = 0;
  93   2          Wait(M1_TIME);
  94   2          
  95   2          R6 = 1;
  96   2          Wait(V_OPEN_TIME);
  97   2          R5 = 0;
  98   2          Wait(M2_TIME);
  99   2          R2 = 1;
 100   2          Wait(M2_TIME);
 101   2          R2 = 0;
 102   2          Wait(M1_TIME);
 103   2          
 104   2          R7 = 1;
 105   2          Wait(V_OPEN_TIME);
 106   2          R6 = 0;
 107   2          Wait(M2_TIME);
 108   2          R2 = 1;
 109   2          Wait(M2_TIME);
 110   2          R2 = 0;
 111   2          Wait(M1_TIME);
 112   2          
 113   2          R8 = 1;
 114   2          Wait(V_OPEN_TIME);
 115   2          R7 = 0;
 116   2          Wait(M2_TIME);
C51 COMPILER V9.05   MAIN                                                                  04/27/2017 19:05:55 PAGE 3   

 117   2          R2 = 1;
 118   2          Wait(M2_TIME);
 119   2          R2 = 0;
 120   2          Wait(M1_TIME);
 121   2          
 122   2          R9 = 1;
 123   2          Wait(V_OPEN_TIME);
 124   2          R8 = 0;
 125   2          Wait(M2_TIME);
 126   2          R2 = 1;
 127   2          Wait(M2_TIME);
 128   2          R2 = 0;
 129   2          Wait(M1_TIME);
 130   2          
 131   2          R10 = 1;
 132   2          Wait(V_OPEN_TIME);
 133   2          R9 = 0;
 134   2          Wait(M2_TIME);
 135   2          R2 = 1;
 136   2          Wait(M2_TIME);
 137   2          R2 = 0;
 138   2          Wait(M1_TIME);
 139   2          
 140   2          R1 = 0;
 141   2          Wait(M2_TIME);
 142   2          R10 = 0;
 143   2        }
 144   1      }
 145          


MODULE INFORMATION:   STATIC OVERLAYABLE
   CODE SIZE        =    167    ----
   CONSTANT SIZE    =   ----    ----
   XDATA SIZE       =   ----    ----
   PDATA SIZE       =   ----    ----
   DATA SIZE        =   ----    ----
   IDATA SIZE       =   ----    ----
   BIT SIZE         =   ----    ----
END OF MODULE INFORMATION.


C51 COMPILATION COMPLETE.  0 WARNING(S),  0 ERROR(S)
