C51 COMPILER V9.05   KEYPAD                                                                11/28/2017 15:11:00 PAGE 1   


C51 COMPILER V9.05, COMPILATION OF MODULE KEYPAD
OBJECT MODULE PLACED IN .\Objects\keypad.obj
COMPILER INVOKED BY: C:\Keil_v5\C51\BIN\C51.EXE keypad.c OPTIMIZE(8,SPEED) BROWSE DEBUG OBJECTEXTEND PRINT(.\Listings\ke
                    -ypad.lst) TABS(2) OBJECT(.\Objects\keypad.obj)

line level    source

   1          
   2          #include"lcd.h"
   3          #include"keypad.h"
   4          
   5          sbit Row1=P2^0;
   6          sbit Row2=P2^1;
   7          sbit Row3=P2^2;
   8          sbit Row4=P2^3;
   9          sbit Col1=P2^4;
  10          sbit Col2=P2^5;
  11          sbit Col3=P2^6;
  12          sbit Col4=P2^7;
  13          
  14          unsigned int Scan_Col1();
  15          unsigned int Scan_Col2();
  16          unsigned int Scan_Col3();
  17          unsigned int Scan_Col4();
  18          
  19          unsigned int Key_Value=0,WKey_Count=0,CKey_Count=0;
  20          unsigned char position=192;
  21          unsigned int Water_Time;
  22          unsigned int Chem_Time;
  23          
  24          int Water_Flag = 1;
  25          int Chem_Flag = 0;
  26          
  27          void Scan_Keypad()
  28          {
  29   1      //  Initialize_LCD();
  30   1        while(1)
  31   1        {
  32   2          Col1=Col2=Col3=Col4=1;  // Make column pins i/p
  33   2          Row1=Row2=Row3=Row4=0;  // Make Row pins o/p
  34   2          if(Col1==0)
  35   2            Key_Value = Scan_Col1();
  36   2          else if(Col2==0)
  37   2            Key_Value = Scan_Col2();
  38   2          else if(Col3==0)
  39   2            Key_Value = Scan_Col3();
  40   2          else if(Col4==0)
  41   2            Key_Value = Scan_Col4();
  42   2          if(Key_Value != '\0')
  43   2          {
  44   3            if(Key_Value == 15) /* Key - D,Start Program */
  45   3            {
  46   4              Send_Command_LCD(0x80);   // Set Cursor at 1st Line
  47   4              Display_Data_LCD("PROGRAM STARTED",15);
*** WARNING C214 IN LINE 47 OF keypad.c: 'Argument': conversion: pointer to non-pointer
  48   4              break;
  49   4            }
  50   3            // Else Set Water Time
  51   3            else if(Water_Flag) 
  52   3            {
  53   4              WKey_Count++;
C51 COMPILER V9.05   KEYPAD                                                                11/28/2017 15:11:00 PAGE 2   

  54   4              if(WKey_Count == 1)
  55   4              {
  56   5                Water_Time = Key_Value * 100;
  57   5                Display_Char_LCD(Key_Value);
  58   5                Send_Command_LCD(position+1);   // Set Cursor at 2nd Line 2nd Position
  59   5              }else 
  60   4              if(WKey_Count == 2)
  61   4              {
  62   5                Water_Time = Water_Time + Key_Value * 10;
  63   5                Display_Char_LCD(Key_Value);
  64   5                Send_Command_LCD(position+2);   // Set Cursor at 2nd Line 3rd Position
  65   5              }else 
  66   4              if(WKey_Count == 3)
  67   4              {
  68   5                Water_Time = Water_Time + Key_Value;
  69   5                Display_Char_LCD(Key_Value);
  70   5                Send_Command_LCD(position+11);    // Set Cursor at 2nd Line 11th Position, below Chemical
  71   5                Water_Flag = 0;   // Reset Water Flag & set Chem Flag
  72   5                Chem_Flag = 1;
  73   5                WKey_Count = 0;   // Reset waterkey count
  74   5              }
  75   4            }
  76   3            // If water time is set then Set Chemical Time
  77   3            else if(Chem_Flag)  
  78   3            {
  79   4              CKey_Count++;
  80   4              if(CKey_Count == 1)
  81   4              {
  82   5                Chem_Time = Key_Value * 100;
  83   5                Display_Char_LCD(Key_Value);
  84   5                Send_Command_LCD(position+12);    // Set Cursor at 2nd Line 12th Position
  85   5              }else 
  86   4              if(CKey_Count == 2)
  87   4              {
  88   5                Chem_Time = Water_Time + Key_Value * 10;
  89   5                Display_Char_LCD(Key_Value);
  90   5                Send_Command_LCD(position+13);    // Set Cursor at 2nd Line 13th Position
  91   5              }else 
  92   4              if(CKey_Count == 3)
  93   4              {
  94   5                Chem_Time = Water_Time + Key_Value;
  95   5                Display_Char_LCD(Key_Value);
  96   5                Send_Command_LCD(position);   // Set Cursor at 2nd Line 3rd Position
  97   5                Water_Flag = 1;   // again allow to set water time if required
  98   5                Chem_Flag = 0;    // reset chem flag
  99   5                CKey_Count = 0;   // reset chem-key count
 100   5              }
 101   4            }
 102   3          }
 103   2        }
 104   1      }
 105          
 106          unsigned int Scan_Col1()
 107          {
 108   1        Row1=Row2=Row3=Row4=1;
 109   1        Row1=0;
 110   1        if(Col1==0) /* 1 */
 111   1        {
 112   2          while(Col1==0);
 113   2          return 1;
 114   2        }
 115   1        Row1=1;
C51 COMPILER V9.05   KEYPAD                                                                11/28/2017 15:11:00 PAGE 3   

 116   1        Row2=0;
 117   1        if(Col1==0) /* 4 */
 118   1        {
 119   2          while(Col1==0);
 120   2          return 4;
 121   2        }
 122   1        Row2=1;
 123   1        Row3=0;
 124   1        if(Col1==0) /* 7 */
 125   1        {
 126   2          while(Col1==0);
 127   2          return 7;
 128   2        }
 129   1        Row3=1;
 130   1        Row4=0;
 131   1        if(Col1==0) /* * */
 132   1        {
 133   2          while(Col1==0);
 134   2      //    return 10;
 135   2          return '\0';
 136   2        }
 137   1        Row4=1;
 138   1            return '\0';
 139   1      }
 140          
 141          unsigned int Scan_Col2()
 142          {
 143   1        Row1=Row2=Row3=Row4=1;
 144   1        Row1=0;
 145   1        if(Col2==0) /* 2 */
 146   1        {
 147   2          while(Col2==0);
 148   2          return 2;
 149   2        }
 150   1        Row1=1;
 151   1        Row2=0;
 152   1        if(Col2==0) /* 5 */
 153   1        {
 154   2          while(Col2==0);
 155   2          return 5;
 156   2        }
 157   1        Row2=1;
 158   1        Row3=0;
 159   1        if(Col2==0) /* 8 */
 160   1        {
 161   2          while(Col2==0);
 162   2          return 8;
 163   2        }
 164   1        Row3=1;
 165   1        Row4=0;
 166   1        if(Col2==0) /* 0 */
 167   1        {
 168   2          while(Col2==0);
 169   2          return 0;
 170   2        }
 171   1        Row4=1;
 172   1            return '\0';
 173   1      }
 174          
 175          unsigned int Scan_Col3()
 176          {
 177   1        Row1=Row2=Row3=Row4=1;
C51 COMPILER V9.05   KEYPAD                                                                11/28/2017 15:11:00 PAGE 4   

 178   1        Row1=0;
 179   1        if(Col3==0) /* 3 */
 180   1        {
 181   2          while(Col3==0);
 182   2          return 3;
 183   2        }
 184   1        Row1=1;
 185   1        Row2=0;
 186   1        if(Col3==0) /* 6 */
 187   1        {
 188   2          while(Col3==0);
 189   2          return 6;
 190   2        }
 191   1        Row2=1;
 192   1        Row3=0;
 193   1        if(Col3==0) /* 9 */
 194   1        {
 195   2          while(Col3==0);
 196   2          return 9;
 197   2        }
 198   1        Row3=1;
 199   1        Row4=0;
 200   1        if(Col3==0) /* # */
 201   1        {
 202   2          while(Col3==0);
 203   2      //    return 11;
 204   2          return '\0';
 205   2        }
 206   1        Row4=1;
 207   1            return '\0';
 208   1      }
 209          
 210          unsigned int Scan_Col4()
 211          {
 212   1        Row1=Row2=Row3=Row4=1;
 213   1        Row1=0;
 214   1        if(Col4==0) /* A */
 215   1        {
 216   2          while(Col4==0);
 217   2      //    return 12;
 218   2              return '\0';
 219   2        }
 220   1        Row1=1;
 221   1        Row2=0;
 222   1        if(Col4==0) /* B */
 223   1        {
 224   2          while(Col4==0);
 225   2      //    return 13;
 226   2              return '\0';
 227   2        }
 228   1        Row2=1;
 229   1        Row3=0;
 230   1        if(Col4==0) /* C */
 231   1        {
 232   2          while(Col4==0);
 233   2      //    return 14;
 234   2              return '\0';
 235   2        }
 236   1        Row3=1;
 237   1        Row4=0;
 238   1        if(Col4==0) /* D */
 239   1        {
C51 COMPILER V9.05   KEYPAD                                                                11/28/2017 15:11:00 PAGE 5   

 240   2          while(Col4==0);
 241   2          return 15;
 242   2        }
 243   1        Row4=1;
 244   1            return '\0';
 245   1      }


MODULE INFORMATION:   STATIC OVERLAYABLE
   CODE SIZE        =    632    ----
   CONSTANT SIZE    =     16    ----
   XDATA SIZE       =   ----    ----
   PDATA SIZE       =   ----    ----
   DATA SIZE        =     15    ----
   IDATA SIZE       =   ----    ----
   BIT SIZE         =   ----    ----
END OF MODULE INFORMATION.


C51 COMPILATION COMPLETE.  1 WARNING(S),  0 ERROR(S)
