C51 COMPILER V9.05   LCD                                                                   11/28/2017 15:11:00 PAGE 1   


C51 COMPILER V9.05, COMPILATION OF MODULE LCD
OBJECT MODULE PLACED IN .\Objects\lcd.obj
COMPILER INVOKED BY: C:\Keil_v5\C51\BIN\C51.EXE lcd.c OPTIMIZE(8,SPEED) BROWSE DEBUG OBJECTEXTEND PRINT(.\Listings\lcd.l
                    -st) TABS(2) OBJECT(.\Objects\lcd.obj)

line level    source

   1          /*********************************************************
   2           * Program to interface 16 X 2 LCD with 8051
   3           *  Created on: Apr 28, 2017
   4           *  Author: Amit Tandel
   5           *
   6           *  P3.2 = RS
   7           *  P3.3 = EN
   8           *
   9           *  DATA = PORT1
  10           *********************************************************/
  11          #include"lcd.h"
  12          
  13          sbit RS=P3^2;
  14          sbit EN=P3^3;
  15          void Initialize_LCD();
  16          void Display_Data_LCD(unsigned char, unsigned int );
  17          void Display_Char_LCD(unsigned char );
  18          void Send_Command_LCD(unsigned char );
  19          void Clear_LCD();
  20          void Delay_LCD(unsigned int);
  21          
  22          void Initialize_LCD()
  23          {
  24   1        Send_Command_LCD(0x38);
  25   1        Delay_LCD(5);
  26   1        Send_Command_LCD(0x0E);
  27   1        Delay_LCD(5);
  28   1        Clear_LCD();
  29   1        Delay_LCD(5);
  30   1      }
  31          
  32          void Send_Command_LCD(unsigned char comd)
  33          {
  34   1        RS=0;
  35   1        EN=1;
  36   1        P1=comd;
  37   1        Delay_LCD(5);
  38   1        EN=0;
  39   1      }
  40          
  41          void Delay_LCD(unsigned int value)
  42          {
  43   1        unsigned int u,v;
  44   1        for(u=0;u<value;u++)
  45   1          for(v=0;v<100;v++);
  46   1      }
  47          
  48          void Display_Data_LCD(unsigned char mdata[], unsigned int count)
  49          {
*** WARNING C235 IN LINE 49 OF lcd.c: parameter 1: different types
  50   1        unsigned char x;
  51   1        for(x=0;x<count;x++)
  52   1        {
  53   2          RS=1;
C51 COMPILER V9.05   LCD                                                                   11/28/2017 15:11:00 PAGE 2   

  54   2          EN=1;
  55   2          P1= mdata[x];
  56   2          Delay_LCD(100);
  57   2          EN=0;
  58   2        }
  59   1      }
  60          
  61          void Display_Char_LCD(unsigned char a)
  62          {
  63   1          RS=1;
  64   1          EN=1;
  65   1          P1= a;
  66   1          Delay_LCD(100);
  67   1          EN=0;
  68   1      }
  69          
  70          void Clear_LCD()
  71          {
  72   1        Send_Command_LCD(0x01);
  73   1        Delay_LCD(5);
  74   1        Send_Command_LCD(0x02);
  75   1        Delay_LCD(5);
  76   1      }


MODULE INFORMATION:   STATIC OVERLAYABLE
   CODE SIZE        =    168    ----
   CONSTANT SIZE    =   ----    ----
   XDATA SIZE       =   ----    ----
   PDATA SIZE       =   ----    ----
   DATA SIZE        =   ----       6
   IDATA SIZE       =   ----    ----
   BIT SIZE         =   ----    ----
END OF MODULE INFORMATION.


C51 COMPILATION COMPLETE.  1 WARNING(S),  0 ERROR(S)
